0 info it worked if it ends with ok
1 verbose cli [ 'C:\\Nodist\\v-x64\\7.2.1\\node.exe',
1 verbose cli   'C:\\Nodist\\npmv\\4.0.5\\bin\\npm-cli.js',
1 verbose cli   'start' ]
2 info using npm@4.0.5
3 info using node@v7.2.1
4 verbose run-script [ 'prestart', 'start', 'poststart' ]
5 info lifecycle bookappnode@0.0.0~prestart: bookappnode@0.0.0
6 warn lifecycle The node binary used for scripts is C:\Nodist\bin\node.exe but npm is using C:\Nodist\v-x64\7.2.1\node.exe itself. Use the `--scripts-prepend-node-path` option to include the path for the node binary npm was executed with.
7 silly lifecycle bookappnode@0.0.0~prestart: no script for prestart, continuing
8 info lifecycle bookappnode@0.0.0~start: bookappnode@0.0.0
9 verbose lifecycle bookappnode@0.0.0~start: unsafe-perm in lifecycle true
10 verbose lifecycle bookappnode@0.0.0~start: PATH: C:\Nodist\npmv\4.0.5\bin\node-gyp-bin;C:\apps\angular\bookappnode\node_modules\.bin;C:\ProgramData\Oracle\Java\javapath;C:\WINDOWS\system32;C:\WINDOWS;C:\WINDOWS\System32\Wbem;C:\WINDOWS\System32\WindowsPowerShell\v1.0\;C:\Program Files (x86)\Skype\Phone\;C:\Program Files\PuTTY\;C:\Program Files\Git\cmd;C:\Program Files\TortoiseGit\bin;C:\Program Files\Perforce;C:\Nodist\bin;C:\Program Files (x86)\Calibre2\;C:\Program Files\Java\jdk1.8.0_141\bin;C:\apache-maven-3.5.0\bin;C:\Program Files\Git\bin;;C:\Users\Tahir\AppData\Local\Microsoft\WindowsApps;C:\Program Files\Microsoft VS Code\bin;C:\scala-2.12.3\bin;C:\sbt-1.0.0\sbt\bin;C:\Users\Tahir\AppData\Local\Programs\Fiddler;%USERPROFILE%\AppData\Local\Microsoft\WindowsApps
11 verbose lifecycle bookappnode@0.0.0~start: CWD: C:\apps\angular\bookappnode
12 silly lifecycle bookappnode@0.0.0~start: Args: [ '/d /s /c', 'node ./bin/www' ]
13 silly lifecycle bookappnode@0.0.0~start: Returned: code: 3221225786  signal: null
14 info lifecycle bookappnode@0.0.0~start: Failed to exec start script
15 verbose stack Error: bookappnode@0.0.0 start: `node ./bin/www`
15 verbose stack Exit status 3221225786
15 verbose stack     at EventEmitter.<anonymous> (C:\Nodist\npmv\4.0.5\lib\utils\lifecycle.js:279:16)
15 verbose stack     at emitTwo (events.js:106:13)
15 verbose stack     at EventEmitter.emit (events.js:191:7)
15 verbose stack     at ChildProcess.<anonymous> (C:\Nodist\npmv\4.0.5\lib\utils\spawn.js:40:14)
15 verbose stack     at emitTwo (events.js:106:13)
15 verbose stack     at ChildProcess.emit (events.js:191:7)
15 verbose stack     at maybeClose (internal/child_process.js:885:16)
15 verbose stack     at Process.ChildProcess._handle.onexit (internal/child_process.js:226:5)
16 verbose pkgid bookappnode@0.0.0
17 verbose cwd C:\apps\angular\bookappnode
18 error Windows_NT 10.0.16299
19 error argv "C:\\Nodist\\v-x64\\7.2.1\\node.exe" "C:\\Nodist\\npmv\\4.0.5\\bin\\npm-cli.js" "start"
20 error node v7.2.1
21 error npm  v4.0.5
22 error code ELIFECYCLE
23 error bookappnode@0.0.0 start: `node ./bin/www`
23 error Exit status 3221225786
24 error Failed at the bookappnode@0.0.0 start script 'node ./bin/www'.
24 error Make sure you have the latest version of node.js and npm installed.
24 error If you do, this is most likely a problem with the bookappnode package,
24 error not with npm itself.
24 error Tell the author that this fails on your system:
24 error     node ./bin/www
24 error You can get information on how to open an issue for this project with:
24 error     npm bugs bookappnode
24 error Or if that isn't available, you can get their info via:
24 error     npm owner ls bookappnode
24 error There is likely additional logging output above.
25 verbose exit [ 1, true ]
